<?xml version="1.0" encoding="UTF-8"?>
<!-- Generated by org.testng.reporters.JUnitReportReporter -->
<testsuite hostname="Home" name="com.demoaut.newtours.TestScripts.validCredentialsTest" tests="1" failures="0" timestamp="15 Jun 2016 23:21:07 GMT" time="4.534" errors="0">
  <testcase name="validLogin" time="4.534" classname="com.demoaut.newtours.TestScripts.validCredentialsTest"/>
</testsuite> <!-- com.demoaut.newtours.TestScripts.validCredentialsTest -->
